#
# There is insufficient memory for the Java Runtime Environment to continue.
# Native memory allocation (malloc) failed to allocate 2354736 bytes for Chunk::new
# Possible reasons:
#   The system is out of physical RAM or swap space
#   The process is running with CompressedOops enabled, and the Java Heap may be blocking the growth of the native heap
# Possible solutions:
#   Reduce memory load on the system
#   Increase physical memory or swap space
#   Check if swap backing store is full
#   Decrease Java heap size (-Xmx/-Xms)
#   Decrease number of Java threads
#   Decrease Java thread stack sizes (-Xss)
#   Set larger code cache with -XX:ReservedCodeCacheSize=
#   JVM is running with Unscaled Compressed Oops mode in which the Java heap is
#     placed in the first 4GB address space. The Java Heap base address is the
#     maximum limit for the native heap growth. Please use -XX:HeapBaseMinAddress
#     to set the Java Heap base and to place the Java Heap above 4GB virtual address.
# This output file may be truncated or incomplete.
#
#  Out of Memory Error (src/hotspot/share/memory/arena.cpp:197), pid=20160, tid=3144
#
# JRE version: OpenJDK Runtime Environment (11.0.15) (build 11.0.15+0-b2043.56-9505619)
# Java VM: OpenJDK 64-Bit Server VM (11.0.15+0-b2043.56-9505619, mixed mode, tiered, compressed oops, g1 gc, windows-amd64)
# No core dump will be written. Minidumps are not enabled by default on client versions of Windows
#

---------------  S U M M A R Y ------------

Command Line: --add-opens=java.base/java.util=ALL-UNNAMED --add-opens=java.base/java.lang=ALL-UNNAMED --add-opens=java.base/java.lang.invoke=ALL-UNNAMED --add-opens=java.base/java.util=ALL-UNNAMED --add-opens=java.prefs/java.util.prefs=ALL-UNNAMED --add-opens=java.prefs/java.util.prefs=ALL-UNNAMED --add-opens=java.base/java.nio.charset=ALL-UNNAMED --add-opens=java.base/java.net=ALL-UNNAMED --add-opens=java.base/java.util.concurrent.atomic=ALL-UNNAMED -Xmx2048m -Dfile.encoding=UTF-8 -Duser.country=RU -Duser.language=ru -Duser.variant org.gradle.launcher.daemon.bootstrap.GradleDaemon 7.5

Host: AMD Ryzen 3 5300U with Radeon Graphics         , 8 cores, 9G,  Windows 10 , 64 bit Build 19041 (10.0.19041.2788)
Time: Fri Apr 14 23:26:24 2023  Windows 10 , 64 bit Build 19041 (10.0.19041.2788) elapsed time: 44.200233 seconds (0d 0h 0m 44s)

---------------  T H R E A D  ---------------

Current thread (0x00000138b4bf4800):  JavaThread "C2 CompilerThread0" daemon [_thread_in_native, id=3144, stack(0x00000032bd100000,0x00000032bd200000)]


Current CompileTask:
C2:  44200 14971       4       org.gradle.internal.service.DefaultServiceRegistry$SingletonService::get (5 bytes)

Stack: [0x00000032bd100000,0x00000032bd200000]
Native frames: (J=compiled Java code, j=interpreted, Vv=VM code, C=native code)
V  [jvm.dll+0x64135a]
V  [jvm.dll+0x7d39f9]
V  [jvm.dll+0x7d51b9]
V  [jvm.dll+0x7d58a3]
V  [jvm.dll+0x2691c5]
V  [jvm.dll+0xc1a5c]
V  [jvm.dll+0xc200c]
V  [jvm.dll+0x377462]
V  [jvm.dll+0x342495]
V  [jvm.dll+0x34186a]
V  [jvm.dll+0x2214bd]
V  [jvm.dll+0x220498]
V  [jvm.dll+0x19e851]
V  [jvm.dll+0x230479]
V  [jvm.dll+0x22e5ef]
V  [jvm.dll+0x794de1]
V  [jvm.dll+0x78dc24]
V  [jvm.dll+0x6400f6]
C  [ucrtbase.dll+0x21bb2]
C  [KERNEL32.DLL+0x17604]
C  [ntdll.dll+0x526a1]


---------------  P R O C E S S  ---------------

Threads class SMR info:
_java_thread_list=0x00000138bd1d9b70, length=44, elements={
0x0000013899eb3800, 0x00000138b4380000, 0x00000138b4381000, 0x00000138b4be2800,
0x00000138b4be4800, 0x00000138b4be5800, 0x00000138b4bf4800, 0x00000138b4bf5800,
0x00000138b4bf7000, 0x00000138b4d53000, 0x00000138b7073000, 0x00000138b5a89000,
0x00000138b705a800, 0x00000138b6780000, 0x00000138b6373800, 0x00000138b6767800,
0x00000138b676a000, 0x00000138b6769800, 0x00000138b6767000, 0x00000138b676b800,
0x00000138b6766000, 0x00000138b8f86000, 0x00000138b8f8d800, 0x00000138b8f88000,
0x00000138b8f8b000, 0x00000138b8f88800, 0x00000138b8f8c000, 0x00000138b95e9000,
0x00000138b95e6800, 0x00000138b95e7800, 0x00000138bcaa7000, 0x00000138bcaab000,
0x00000138bcaa8800, 0x00000138b95db000, 0x00000138b95dd800, 0x00000138b95dc000,
0x00000138b95de800, 0x00000138b95dc800, 0x00000138b95df000, 0x00000138b95e0000,
0x00000138b95da000, 0x00000138b95e1000, 0x00000138b95e3000, 0x00000138b95e5000
}

Java Threads: ( => current thread )
  0x0000013899eb3800 JavaThread "main" [_thread_blocked, id=15016, stack(0x00000032bc500000,0x00000032bc600000)]
  0x00000138b4380000 JavaThread "Reference Handler" daemon [_thread_blocked, id=14432, stack(0x00000032bcc00000,0x00000032bcd00000)]
  0x00000138b4381000 JavaThread "Finalizer" daemon [_thread_blocked, id=3076, stack(0x00000032bcd00000,0x00000032bce00000)]
  0x00000138b4be2800 JavaThread "Signal Dispatcher" daemon [_thread_blocked, id=12636, stack(0x00000032bce00000,0x00000032bcf00000)]
  0x00000138b4be4800 JavaThread "Attach Listener" daemon [_thread_blocked, id=20948, stack(0x00000032bcf00000,0x00000032bd000000)]
  0x00000138b4be5800 JavaThread "Service Thread" daemon [_thread_blocked, id=15400, stack(0x00000032bd000000,0x00000032bd100000)]
=>0x00000138b4bf4800 JavaThread "C2 CompilerThread0" daemon [_thread_in_native, id=3144, stack(0x00000032bd100000,0x00000032bd200000)]
  0x00000138b4bf5800 JavaThread "C1 CompilerThread0" daemon [_thread_in_native, id=13408, stack(0x00000032bd200000,0x00000032bd300000)]
  0x00000138b4bf7000 JavaThread "Sweeper thread" daemon [_thread_blocked, id=14616, stack(0x00000032bd300000,0x00000032bd400000)]
  0x00000138b4d53000 JavaThread "Common-Cleaner" daemon [_thread_blocked, id=22352, stack(0x00000032bd400000,0x00000032bd500000)]
  0x00000138b7073000 JavaThread "Daemon health stats" [_thread_blocked, id=16612, stack(0x00000032bd800000,0x00000032bd900000)]
  0x00000138b5a89000 JavaThread "Incoming local TCP Connector on port 56052" [_thread_in_native, id=13036, stack(0x00000032bd900000,0x00000032bda00000)]
  0x00000138b705a800 JavaThread "Daemon periodic checks" [_thread_blocked, id=10164, stack(0x00000032bda00000,0x00000032bdb00000)]
  0x00000138b6780000 JavaThread "Daemon" [_thread_blocked, id=12176, stack(0x00000032bdb00000,0x00000032bdc00000)]
  0x00000138b6373800 JavaThread "Daemon worker" [_thread_in_Java, id=22304, stack(0x00000032bde00000,0x00000032bdf00000)]
  0x00000138b6767800 JavaThread "Cache worker for journal cache (C:\Users\darko\.gradle\caches\journal-1)" [_thread_blocked, id=14332, stack(0x00000032be200000,0x00000032be300000)]
  0x00000138b676a000 JavaThread "File lock request listener" [_thread_in_native, id=19364, stack(0x00000032be300000,0x00000032be400000)]
  0x00000138b6769800 JavaThread "Cache worker for file hash cache (C:\Users\darko\.gradle\caches\7.5\fileHashes)" [_thread_blocked, id=3320, stack(0x00000032bea00000,0x00000032beb00000)]
  0x00000138b6767000 JavaThread "File watcher server" daemon [_thread_in_native, id=13948, stack(0x00000032beb00000,0x00000032bec00000)]
  0x00000138b676b800 JavaThread "File watcher consumer" daemon [_thread_blocked, id=19308, stack(0x00000032bec00000,0x00000032bed00000)]
  0x00000138b6766000 JavaThread "Cache worker for file content cache (C:\Users\darko\.gradle\caches\7.5\fileContent)" [_thread_blocked, id=20004, stack(0x00000032bef00000,0x00000032bf000000)]
  0x00000138b8f86000 JavaThread "Cache worker for execution history cache (C:\Users\darko\.gradle\caches\7.5\executionHistory)" [_thread_blocked, id=22556, stack(0x00000032bf200000,0x00000032bf300000)]
  0x00000138b8f8d800 JavaThread "jar transforms" [_thread_blocked, id=4952, stack(0x00000032bf300000,0x00000032bf400000)]
  0x00000138b8f88000 JavaThread "jar transforms Thread 2" [_thread_blocked, id=9568, stack(0x00000032bf400000,0x00000032bf500000)]
  0x00000138b8f8b000 JavaThread "jar transforms Thread 3" [_thread_blocked, id=8124, stack(0x00000032bf500000,0x00000032bf600000)]
  0x00000138b8f88800 JavaThread "jar transforms Thread 4" [_thread_blocked, id=8120, stack(0x00000032bf600000,0x00000032bf700000)]
  0x00000138b8f8c000 JavaThread "jar transforms Thread 5" [_thread_blocked, id=13176, stack(0x00000032bf800000,0x00000032bf900000)]
  0x00000138b95e9000 JavaThread "jar transforms Thread 6" [_thread_blocked, id=21480, stack(0x00000032c4b00000,0x00000032c4c00000)]
  0x00000138b95e6800 JavaThread "jar transforms Thread 7" [_thread_blocked, id=3712, stack(0x00000032c4c00000,0x00000032c4d00000)]
  0x00000138b95e7800 JavaThread "jar transforms Thread 8" [_thread_blocked, id=19864, stack(0x00000032c4d00000,0x00000032c4e00000)]
  0x00000138bcaa7000 JavaThread "Memory manager" [_thread_blocked, id=4904, stack(0x00000032c4f00000,0x00000032c5000000)]
  0x00000138bcaab000 JavaThread "pool-3-thread-1" [_thread_blocked, id=12692, stack(0x00000032c5200000,0x00000032c5300000)]
  0x00000138bcaa8800 JavaThread "included builds" [_thread_blocked, id=8956, stack(0x00000032c5400000,0x00000032c5500000)]
  0x00000138b95db000 JavaThread "Handler for socket connection from /127.0.0.1:56052 to /127.0.0.1:56119" [_thread_in_native, id=8544, stack(0x00000032bdf00000,0x00000032be000000)]
  0x00000138b95dd800 JavaThread "Cancel handler" [_thread_blocked, id=10400, stack(0x00000032be000000,0x00000032be100000)]
  0x00000138b95dc000 JavaThread "Asynchronous log dispatcher for DefaultDaemonConnection: socket connection from /127.0.0.1:56052 to /127.0.0.1:56119" [_thread_blocked, id=9584, stack(0x00000032be100000,0x00000032be200000)]
  0x00000138b95de800 JavaThread "Stdin handler" [_thread_blocked, id=11740, stack(0x00000032bed00000,0x00000032bee00000)]
  0x00000138b95dc800 JavaThread "Daemon client event forwarder" [_thread_blocked, id=7272, stack(0x00000032bee00000,0x00000032bef00000)]
  0x00000138b95df000 JavaThread "Cache worker for checksums cache (C:\Users\darko\AndroidStudioProjects\GravityApplication\.gradle\7.5\checksums)" [_thread_blocked, id=10004, stack(0x00000032bf000000,0x00000032bf100000)]
  0x00000138b95e0000 JavaThread "Cache worker for cache directory md-rule (C:\Users\darko\.gradle\caches\7.5\md-rule)" [_thread_blocked, id=17708, stack(0x00000032bf100000,0x00000032bf200000)]
  0x00000138b95da000 JavaThread "Cache worker for file hash cache (C:\Users\darko\AndroidStudioProjects\GravityApplication\.gradle\7.5\fileHashes)" [_thread_blocked, id=20076, stack(0x00000032bf700000,0x00000032bf800000)]
  0x00000138b95e1000 JavaThread "Cache worker for cache directory md-supplier (C:\Users\darko\.gradle\caches\7.5\md-supplier)" [_thread_blocked, id=7664, stack(0x00000032bf900000,0x00000032bfa00000)]
  0x00000138b95e3000 JavaThread "Cache worker for dependencies-accessors (C:\Users\darko\AndroidStudioProjects\GravityApplication\.gradle\7.5\dependencies-accessors)" [_thread_blocked, id=22984, stack(0x00000032bfb00000,0x00000032bfc00000)]
  0x00000138b95e5000 JavaThread "Cache worker for Build Output Cleanup Cache (C:\Users\darko\AndroidStudioProjects\GravityApplication\.gradle\buildOutputCleanup)" [_thread_blocked, id=10996, stack(0x00000032bfc00000,0x00000032bfd00000)]

Other Threads:
  0x00000138b4b95800 VMThread "VM Thread" [stack: 0x00000032bcb00000,0x00000032bcc00000] [id=4512]
  0x00000138b4d6d800 WatcherThread [stack: 0x00000032bd500000,0x00000032bd600000] [id=3548]
  0x0000013899ecd800 GCTaskThread "GC Thread#0" [stack: 0x00000032bc600000,0x00000032bc700000] [id=24384]
  0x00000138b5b22800 GCTaskThread "GC Thread#1" [stack: 0x00000032bd600000,0x00000032bd700000] [id=15348]
  0x00000138b5b19800 GCTaskThread "GC Thread#2" [stack: 0x00000032bd700000,0x00000032bd800000] [id=8620]
  0x00000138b739f800 GCTaskThread "GC Thread#3" [stack: 0x00000032be400000,0x00000032be500000] [id=14196]
  0x00000138b6f39800 GCTaskThread "GC Thread#4" [stack: 0x00000032be500000,0x00000032be600000] [id=1552]
  0x00000138b70d3800 GCTaskThread "GC Thread#5" [stack: 0x00000032be600000,0x00000032be700000] [id=21660]
  0x00000138b638d000 GCTaskThread "GC Thread#6" [stack: 0x00000032be700000,0x00000032be800000] [id=22912]
  0x00000138b721c800 GCTaskThread "GC Thread#7" [stack: 0x00000032be800000,0x00000032be900000] [id=18080]
  0x0000013899eff800 ConcurrentGCThread "G1 Main Marker" [stack: 0x00000032bc700000,0x00000032bc800000] [id=7732]
  0x0000013899f01800 ConcurrentGCThread "G1 Conc#0" [stack: 0x00000032bc800000,0x00000032bc900000] [id=23972]
  0x00000138b7196800 ConcurrentGCThread "G1 Conc#1" [stack: 0x00000032be900000,0x00000032bea00000] [id=5564]
  0x00000138b41c0800 ConcurrentGCThread "G1 Refine#0" [stack: 0x00000032bc900000,0x00000032bca00000] [id=24092]
  0x00000138b98ad800 ConcurrentGCThread "G1 Refine#1" [stack: 0x00000032c5000000,0x00000032c5100000] [id=22948]
  0x00000138bb39c800 ConcurrentGCThread "G1 Refine#2" [stack: 0x00000032c5100000,0x00000032c5200000] [id=11808]
  0x00000138b41c1800 ConcurrentGCThread "G1 Young RemSet Sampling" [stack: 0x00000032bca00000,0x00000032bcb00000] [id=2528]

Threads with active compile tasks:
C2 CompilerThread0    44232 14971       4       org.gradle.internal.service.DefaultServiceRegistry$SingletonService::get (5 bytes)
C1 CompilerThread0    44232 15125       2       org.gradle.api.internal.artifacts.ivyservice.ivyresolve.CachingModuleComponentRepository$LocateInCacheRepositoryAccess::resolveComponentMetaDataFromCache (406 bytes)

VM state:not at safepoint (normal execution)

VM Mutex/Monitor currently owned by a thread:  ([mutex/lock_event])
[0x0000013899eaf0b0] Compile_lock - owner thread: 0x0000000000000000

Heap address: 0x0000000080000000, size: 2048 MB, Compressed Oops mode: 32-bit
Narrow klass base: 0x0000000000000000, Narrow klass shift: 3
Compressed class space size: 1073741824 Address: 0x0000000100000000

Heap:
 garbage-first heap   total 194560K, used 125266K [0x0000000080000000, 0x0000000100000000)
  region size 1024K, 6 young (6144K), 3 survivors (3072K)
 Metaspace       used 116887K, capacity 120277K, committed 120368K, reserved 1153024K
  class space    used 14722K, capacity 15982K, committed 16000K, reserved 1048576K
Heap Regions: E=young(eden), S=young(survivor), O=old, HS=humongous(starts), HC=humongous(continues), CS=collection set, F=free, A=archive, TAMS=top-at-mark-start (previous, next)
|   0|0x0000000080000000, 0x0000000080100000, 0x0000000080100000|100%| O|  |TAMS 0x0000000080100000, 0x0000000080100000| Untracked 
|   1|0x0000000080100000, 0x0000000080200000, 0x0000000080200000|100%| O|  |TAMS 0x0000000080200000, 0x0000000080200000| Untracked 
|   2|0x0000000080200000, 0x0000000080300000, 0x0000000080300000|100%| O|  |TAMS 0x0000000080300000, 0x0000000080300000| Untracked 
|   3|0x0000000080300000, 0x0000000080400000, 0x0000000080400000|100%|HS|  |TAMS 0x0000000080400000, 0x0000000080400000| Complete 
|   4|0x0000000080400000, 0x0000000080500000, 0x0000000080500000|100%|HC|  |TAMS 0x0000000080500000, 0x0000000080500000| Complete 
|   5|0x0000000080500000, 0x0000000080600000, 0x0000000080600000|100%|HC|  |TAMS 0x0000000080600000, 0x0000000080600000| Complete 
|   6|0x0000000080600000, 0x0000000080700000, 0x0000000080700000|100%| O|  |TAMS 0x0000000080700000, 0x0000000080700000| Untracked 
|   7|0x0000000080700000, 0x0000000080800000, 0x0000000080800000|100%| O|  |TAMS 0x0000000080800000, 0x0000000080800000| Untracked 
|   8|0x0000000080800000, 0x0000000080900000, 0x0000000080900000|100%| O|  |TAMS 0x0000000080900000, 0x0000000080900000| Untracked 
|   9|0x0000000080900000, 0x0000000080a00000, 0x0000000080a00000|100%| O|  |TAMS 0x0000000080a00000, 0x0000000080a00000| Untracked 
|  10|0x0000000080a00000, 0x0000000080b00000, 0x0000000080b00000|100%| O|  |TAMS 0x0000000080b00000, 0x0000000080b00000| Untracked 
|  11|0x0000000080b00000, 0x0000000080c00000, 0x0000000080c00000|100%| O|  |TAMS 0x0000000080c00000, 0x0000000080c00000| Untracked 
|  12|0x0000000080c00000, 0x0000000080d00000, 0x0000000080d00000|100%| O|  |TAMS 0x0000000080d00000, 0x0000000080d00000| Untracked 
|  13|0x0000000080d00000, 0x0000000080e00000, 0x0000000080e00000|100%| O|  |TAMS 0x0000000080e00000, 0x0000000080e00000| Untracked 
|  14|0x0000000080e00000, 0x0000000080f00000, 0x0000000080f00000|100%| O|  |TAMS 0x0000000080f00000, 0x0000000080f00000| Untracked 
|  15|0x0000000080f00000, 0x0000000081000000, 0x0000000081000000|100%| O|  |TAMS 0x0000000081000000, 0x0000000081000000| Untracked 
|  16|0x0000000081000000, 0x0000000081100000, 0x0000000081100000|100%| O|  |TAMS 0x0000000081100000, 0x0000000081100000| Untracked 
|  17|0x0000000081100000, 0x0000000081200000, 0x0000000081200000|100%|HS|  |TAMS 0x0000000081200000, 0x0000000081200000| Complete 
|  18|0x0000000081200000, 0x0000000081300000, 0x0000000081300000|100%| O|  |TAMS 0x0000000081300000, 0x0000000081300000| Untracked 
|  19|0x0000000081300000, 0x0000000081400000, 0x0000000081400000|100%| O|  |TAMS 0x0000000081400000, 0x0000000081400000| Untracked 
|  20|0x0000000081400000, 0x0000000081500000, 0x0000000081500000|100%| O|  |TAMS 0x0000000081500000, 0x0000000081500000| Untracked 
|  21|0x0000000081500000, 0x0000000081600000, 0x0000000081600000|100%| O|  |TAMS 0x0000000081600000, 0x0000000081600000| Untracked 
|  22|0x0000000081600000, 0x0000000081700000, 0x0000000081700000|100%| O|  |TAMS 0x0000000081700000, 0x0000000081700000| Untracked 
|  23|0x0000000081700000, 0x0000000081800000, 0x0000000081800000|100%| O|  |TAMS 0x0000000081800000, 0x0000000081800000| Untracked 
|  24|0x0000000081800000, 0x0000000081900000, 0x0000000081900000|100%| O|  |TAMS 0x0000000081900000, 0x0000000081900000| Untracked 
|  25|0x0000000081900000, 0x0000000081a00000, 0x0000000081a00000|100%| O|  |TAMS 0x0000000081a00000, 0x0000000081a00000| Untracked 
|  26|0x0000000081a00000, 0x0000000081b00000, 0x0000000081b00000|100%| O|  |TAMS 0x0000000081b00000, 0x0000000081b00000| Untracked 
|  27|0x0000000081b00000, 0x0000000081c00000, 0x0000000081c00000|100%| O|  |TAMS 0x0000000081c00000, 0x0000000081c00000| Untracked 
|  28|0x0000000081c00000, 0x0000000081d00000, 0x0000000081d00000|100%| O|  |TAMS 0x0000000081d00000, 0x0000000081d00000| Untracked 
|  29|0x0000000081d00000, 0x0000000081e00000, 0x0000000081e00000|100%|HS|  |TAMS 0x0000000081e00000, 0x0000000081e00000| Complete 
|  30|0x0000000081e00000, 0x0000000081f00000, 0x0000000081f00000|100%|HC|  |TAMS 0x0000000081f00000, 0x0000000081f00000| Complete 
|  31|0x0000000081f00000, 0x0000000082000000, 0x0000000082000000|100%|HS|  |TAMS 0x0000000082000000, 0x0000000082000000| Complete 
|  32|0x0000000082000000, 0x0000000082100000, 0x0000000082100000|100%|HS|  |TAMS 0x0000000082100000, 0x0000000082100000| Complete 
|  33|0x0000000082100000, 0x0000000082200000, 0x0000000082200000|100%|HC|  |TAMS 0x0000000082200000, 0x0000000082200000| Complete 
|  34|0x0000000082200000, 0x0000000082300000, 0x0000000082300000|100%|HC|  |TAMS 0x0000000082300000, 0x0000000082300000| Complete 
|  35|0x0000000082300000, 0x0000000082400000, 0x0000000082400000|100%|HC|  |TAMS 0x0000000082400000, 0x0000000082400000| Complete 
|  36|0x0000000082400000, 0x0000000082500000, 0x0000000082500000|100%| O|  |TAMS 0x0000000082500000, 0x0000000082500000| Untracked 
|  37|0x0000000082500000, 0x0000000082600000, 0x0000000082600000|100%| O|  |TAMS 0x0000000082600000, 0x0000000082600000| Untracked 
|  38|0x0000000082600000, 0x0000000082700000, 0x0000000082700000|100%| O|  |TAMS 0x0000000082700000, 0x0000000082700000| Untracked 
|  39|0x0000000082700000, 0x0000000082800000, 0x0000000082800000|100%| O|  |TAMS 0x0000000082800000, 0x0000000082800000| Untracked 
|  40|0x0000000082800000, 0x0000000082900000, 0x0000000082900000|100%| O|  |TAMS 0x0000000082900000, 0x0000000082900000| Untracked 
|  41|0x0000000082900000, 0x0000000082a00000, 0x0000000082a00000|100%| O|  |TAMS 0x0000000082a00000, 0x0000000082a00000| Untracked 
|  42|0x0000000082a00000, 0x0000000082b00000, 0x0000000082b00000|100%| O|  |TAMS 0x0000000082b00000, 0x0000000082b00000| Untracked 
|  43|0x0000000082b00000, 0x0000000082c00000, 0x0000000082c00000|100%| O|  |TAMS 0x0000000082c00000, 0x0000000082c00000| Untracked 
|  44|0x0000000082c00000, 0x0000000082d00000, 0x0000000082d00000|100%| O|  |TAMS 0x0000000082d00000, 0x0000000082d00000| Untracked 
|  45|0x0000000082d00000, 0x0000000082e00000, 0x0000000082e00000|100%| O|  |TAMS 0x0000000082e00000, 0x0000000082e00000| Untracked 
|  46|0x0000000082e00000, 0x0000000082f00000, 0x0000000082f00000|100%| O|  |TAMS 0x0000000082f00000, 0x0000000082f00000| Untracked 
|  47|0x0000000082f00000, 0x0000000083000000, 0x0000000083000000|100%| O|  |TAMS 0x0000000083000000, 0x0000000083000000| Untracked 
|  48|0x0000000083000000, 0x0000000083100000, 0x0000000083100000|100%| O|  |TAMS 0x0000000083100000, 0x0000000083100000| Untracked 
|  49|0x0000000083100000, 0x0000000083200000, 0x0000000083200000|100%| O|  |TAMS 0x0000000083200000, 0x0000000083200000| Untracked 
|  50|0x0000000083200000, 0x0000000083300000, 0x0000000083300000|100%| O|  |TAMS 0x0000000083300000, 0x0000000083300000| Untracked 
|  51|0x0000000083300000, 0x0000000083400000, 0x0000000083400000|100%| O|  |TAMS 0x0000000083400000, 0x0000000083400000| Untracked 
|  52|0x0000000083400000, 0x0000000083500000, 0x0000000083500000|100%| O|  |TAMS 0x0000000083500000, 0x0000000083500000| Untracked 
|  53|0x0000000083500000, 0x0000000083600000, 0x0000000083600000|100%| O|  |TAMS 0x0000000083600000, 0x0000000083600000| Untracked 
|  54|0x0000000083600000, 0x0000000083700000, 0x0000000083700000|100%| O|  |TAMS 0x0000000083700000, 0x0000000083700000| Untracked 
|  55|0x0000000083700000, 0x0000000083800000, 0x0000000083800000|100%| O|  |TAMS 0x0000000083800000, 0x0000000083800000| Untracked 
|  56|0x0000000083800000, 0x0000000083900000, 0x0000000083900000|100%| O|  |TAMS 0x0000000083900000, 0x0000000083900000| Untracked 
|  57|0x0000000083900000, 0x0000000083a00000, 0x0000000083a00000|100%| O|  |TAMS 0x0000000083a00000, 0x0000000083a00000| Untracked 
|  58|0x0000000083a00000, 0x0000000083b00000, 0x0000000083b00000|100%| O|  |TAMS 0x0000000083b00000, 0x0000000083b00000| Untracked 
|  59|0x0000000083b00000, 0x0000000083c00000, 0x0000000083c00000|100%| O|  |TAMS 0x0000000083c00000, 0x0000000083c00000| Untracked 
|  60|0x0000000083c00000, 0x0000000083d00000, 0x0000000083d00000|100%| O|  |TAMS 0x0000000083d00000, 0x0000000083d00000| Untracked 
|  61|0x0000000083d00000, 0x0000000083e00000, 0x0000000083e00000|100%| O|  |TAMS 0x0000000083e00000, 0x0000000083e00000| Untracked 
|  62|0x0000000083e00000, 0x0000000083f00000, 0x0000000083f00000|100%| O|  |TAMS 0x0000000083f00000, 0x0000000083f00000| Untracked 
|  63|0x0000000083f00000, 0x0000000084000000, 0x0000000084000000|100%| O|  |TAMS 0x0000000084000000, 0x0000000084000000| Untracked 
|  64|0x0000000084000000, 0x0000000084100000, 0x0000000084100000|100%| O|  |TAMS 0x0000000084100000, 0x0000000084100000| Untracked 
|  65|0x0000000084100000, 0x0000000084200000, 0x0000000084200000|100%| O|  |TAMS 0x0000000084200000, 0x0000000084200000| Untracked 
|  66|0x0000000084200000, 0x0000000084300000, 0x0000000084300000|100%| O|  |TAMS 0x0000000084300000, 0x0000000084300000| Untracked 
|  67|0x0000000084300000, 0x0000000084400000, 0x0000000084400000|100%| O|  |TAMS 0x0000000084400000, 0x0000000084400000| Untracked 
|  68|0x0000000084400000, 0x0000000084500000, 0x0000000084500000|100%| O|  |TAMS 0x0000000084500000, 0x0000000084500000| Untracked 
|  69|0x0000000084500000, 0x0000000084600000, 0x0000000084600000|100%| O|  |TAMS 0x0000000084600000, 0x0000000084600000| Untracked 
|  70|0x0000000084600000, 0x0000000084700000, 0x0000000084700000|100%| O|  |TAMS 0x0000000084700000, 0x0000000084700000| Untracked 
|  71|0x0000000084700000, 0x0000000084800000, 0x0000000084800000|100%| O|  |TAMS 0x0000000084800000, 0x0000000084800000| Untracked 
|  72|0x0000000084800000, 0x0000000084900000, 0x0000000084900000|100%| O|  |TAMS 0x0000000084900000, 0x0000000084900000| Untracked 
|  73|0x0000000084900000, 0x0000000084a00000, 0x0000000084a00000|100%| O|  |TAMS 0x0000000084a00000, 0x0000000084a00000| Untracked 
|  74|0x0000000084a00000, 0x0000000084b00000, 0x0000000084b00000|100%| O|  |TAMS 0x0000000084b00000, 0x0000000084b00000| Untracked 
|  75|0x0000000084b00000, 0x0000000084c00000, 0x0000000084c00000|100%| O|  |TAMS 0x0000000084c00000, 0x0000000084c00000| Untracked 
|  76|0x0000000084c00000, 0x0000000084d00000, 0x0000000084d00000|100%| O|  |TAMS 0x0000000084d00000, 0x0000000084d00000| Untracked 
|  77|0x0000000084d00000, 0x0000000084e00000, 0x0000000084e00000|100%| O|  |TAMS 0x0000000084e00000, 0x0000000084e00000| Untracked 
|  78|0x0000000084e00000, 0x0000000084f00000, 0x0000000084f00000|100%| O|  |TAMS 0x0000000084f00000, 0x0000000084f00000| Untracked 
|  79|0x0000000084f00000, 0x0000000085000000, 0x0000000085000000|100%| O|  |TAMS 0x0000000085000000, 0x0000000085000000| Untracked 
|  80|0x0000000085000000, 0x0000000085100000, 0x0000000085100000|100%| O|  |TAMS 0x0000000085100000, 0x0000000085100000| Untracked 
|  81|0x0000000085100000, 0x0000000085200000, 0x0000000085200000|100%| O|  |TAMS 0x0000000085200000, 0x0000000085200000| Untracked 
|  82|0x0000000085200000, 0x0000000085300000, 0x0000000085300000|100%| O|  |TAMS 0x0000000085300000, 0x0000000085300000| Untracked 
|  83|0x0000000085300000, 0x0000000085400000, 0x0000000085400000|100%| O|  |TAMS 0x0000000085400000, 0x0000000085400000| Untracked 
|  84|0x0000000085400000, 0x0000000085500000, 0x0000000085500000|100%| O|  |TAMS 0x0000000085500000, 0x0000000085500000| Untracked 
|  85|0x0000000085500000, 0x0000000085600000, 0x0000000085600000|100%| O|  |TAMS 0x0000000085600000, 0x0000000085600000| Untracked 
|  86|0x0000000085600000, 0x0000000085700000, 0x0000000085700000|100%| O|  |TAMS 0x0000000085700000, 0x0000000085700000| Untracked 
|  87|0x0000000085700000, 0x0000000085800000, 0x0000000085800000|100%| O|  |TAMS 0x0000000085800000, 0x0000000085800000| Untracked 
|  88|0x0000000085800000, 0x0000000085900000, 0x0000000085900000|100%| O|  |TAMS 0x0000000085900000, 0x0000000085900000| Untracked 
|  89|0x0000000085900000, 0x0000000085a00000, 0x0000000085a00000|100%| O|  |TAMS 0x0000000085a00000, 0x0000000085a00000| Untracked 
|  90|0x0000000085a00000, 0x0000000085b00000, 0x0000000085b00000|100%| O|  |TAMS 0x0000000085b00000, 0x0000000085b00000| Untracked 
|  91|0x0000000085b00000, 0x0000000085c00000, 0x0000000085c00000|100%| O|  |TAMS 0x0000000085c00000, 0x0000000085c00000| Untracked 
|  92|0x0000000085c00000, 0x0000000085d00000, 0x0000000085d00000|100%| O|  |TAMS 0x0000000085d00000, 0x0000000085d00000| Untracked 
|  93|0x0000000085d00000, 0x0000000085e00000, 0x0000000085e00000|100%| O|  |TAMS 0x0000000085e00000, 0x0000000085e00000| Untracked 
|  94|0x0000000085e00000, 0x0000000085f00000, 0x0000000085f00000|100%| O|  |TAMS 0x0000000085f00000, 0x0000000085f00000| Untracked 
|  95|0x0000000085f00000, 0x0000000086000000, 0x0000000086000000|100%| O|  |TAMS 0x0000000086000000, 0x0000000086000000| Untracked 
|  96|0x0000000086000000, 0x0000000086100000, 0x0000000086100000|100%| O|  |TAMS 0x0000000086100000, 0x0000000086100000| Untracked 
|  97|0x0000000086100000, 0x0000000086200000, 0x0000000086200000|100%| O|  |TAMS 0x0000000086200000, 0x0000000086200000| Untracked 
|  98|0x0000000086200000, 0x0000000086300000, 0x0000000086300000|100%| O|  |TAMS 0x0000000086300000, 0x0000000086300000| Untracked 
|  99|0x0000000086300000, 0x0000000086400000, 0x0000000086400000|100%| O|  |TAMS 0x0000000086400000, 0x0000000086400000| Untracked 
| 100|0x0000000086400000, 0x0000000086500000, 0x0000000086500000|100%| O|  |TAMS 0x0000000086423e00, 0x0000000086500000| Untracked 
| 101|0x0000000086500000, 0x0000000086600000, 0x0000000086600000|100%| O|  |TAMS 0x0000000086600000, 0x0000000086600000| Untracked 
| 102|0x0000000086600000, 0x0000000086700000, 0x0000000086700000|100%| O|  |TAMS 0x0000000086600000, 0x0000000086700000| Untracked 
| 103|0x0000000086700000, 0x0000000086800000, 0x0000000086800000|100%| O|  |TAMS 0x0000000086800000, 0x0000000086800000| Untracked 
| 104|0x0000000086800000, 0x0000000086900000, 0x0000000086900000|100%| O|  |TAMS 0x0000000086900000, 0x0000000086900000| Untracked 
| 105|0x0000000086900000, 0x0000000086a00000, 0x0000000086a00000|100%| O|  |TAMS 0x0000000086a00000, 0x0000000086a00000| Untracked 
| 106|0x0000000086a00000, 0x0000000086b00000, 0x0000000086b00000|100%| O|  |TAMS 0x0000000086b00000, 0x0000000086b00000| Untracked 
| 107|0x0000000086b00000, 0x0000000086c00000, 0x0000000086c00000|100%| O|  |TAMS 0x0000000086c00000, 0x0000000086c00000| Untracked 
| 108|0x0000000086c00000, 0x0000000086d00000, 0x0000000086d00000|100%| O|  |TAMS 0x0000000086d00000, 0x0000000086d00000| Untracked 
| 109|0x0000000086d00000, 0x0000000086e00000, 0x0000000086e00000|100%| O|  |TAMS 0x0000000086e00000, 0x0000000086e00000| Untracked 
| 110|0x0000000086e00000, 0x0000000086f00000, 0x0000000086f00000|100%| O|  |TAMS 0x0000000086e00000, 0x0000000086f00000| Untracked 
| 111|0x0000000086f00000, 0x0000000087000000, 0x0000000087000000|100%| O|  |TAMS 0x0000000086f00000, 0x0000000087000000| Untracked 
| 112|0x0000000087000000, 0x0000000087100000, 0x0000000087100000|100%| O|  |TAMS 0x0000000087000000, 0x0000000087100000| Untracked 
| 113|0x0000000087100000, 0x0000000087200000, 0x0000000087200000|100%| O|  |TAMS 0x0000000087100000, 0x0000000087200000| Untracked 
| 114|0x0000000087200000, 0x0000000087300000, 0x0000000087300000|100%| O|  |TAMS 0x0000000087300000, 0x0000000087300000| Untracked 
| 115|0x0000000087300000, 0x0000000087300000, 0x0000000087400000|  0%| F|  |TAMS 0x0000000087300000, 0x0000000087300000| Untracked 
| 116|0x0000000087400000, 0x0000000087500000, 0x0000000087500000|100%| O|  |TAMS 0x0000000087500000, 0x0000000087500000| Untracked 
| 117|0x0000000087500000, 0x0000000087600000, 0x0000000087600000|100%| O|  |TAMS 0x0000000087500000, 0x0000000087600000| Untracked 
| 118|0x0000000087600000, 0x0000000087700000, 0x0000000087700000|100%| O|  |TAMS 0x0000000087700000, 0x0000000087700000| Untracked 
| 119|0x0000000087700000, 0x000000008774be00, 0x0000000087800000| 29%| O|  |TAMS 0x0000000087700000, 0x000000008774be00| Untracked 
| 120|0x0000000087800000, 0x0000000087800000, 0x0000000087900000|  0%| F|  |TAMS 0x0000000087800000, 0x0000000087800000| Untracked 
| 121|0x0000000087900000, 0x0000000087900000, 0x0000000087a00000|  0%| F|  |TAMS 0x0000000087900000, 0x0000000087900000| Untracked 
| 122|0x0000000087a00000, 0x0000000087a00000, 0x0000000087b00000|  0%| F|  |TAMS 0x0000000087a00000, 0x0000000087a00000| Untracked 
| 123|0x0000000087b00000, 0x0000000087b00000, 0x0000000087c00000|  0%| F|  |TAMS 0x0000000087b00000, 0x0000000087b00000| Untracked 
| 124|0x0000000087c00000, 0x0000000087c00000, 0x0000000087d00000|  0%| F|  |TAMS 0x0000000087c00000, 0x0000000087c00000| Untracked 
| 125|0x0000000087d00000, 0x0000000087d00000, 0x0000000087e00000|  0%| F|  |TAMS 0x0000000087d00000, 0x0000000087d00000| Untracked 
| 126|0x0000000087e00000, 0x0000000087e00000, 0x0000000087f00000|  0%| F|  |TAMS 0x0000000087e00000, 0x0000000087e00000| Untracked 
| 127|0x0000000087f00000, 0x0000000087f00000, 0x0000000088000000|  0%| F|  |TAMS 0x0000000087f00000, 0x0000000087f00000| Untracked 
| 128|0x0000000088000000, 0x0000000088000000, 0x0000000088100000|  0%| F|  |TAMS 0x0000000088000000, 0x0000000088000000| Untracked 
| 129|0x0000000088100000, 0x0000000088100000, 0x0000000088200000|  0%| F|  |TAMS 0x0000000088100000, 0x0000000088100000| Untracked 
| 130|0x0000000088200000, 0x0000000088200000, 0x0000000088300000|  0%| F|  |TAMS 0x0000000088200000, 0x0000000088200000| Untracked 
| 131|0x0000000088300000, 0x0000000088300000, 0x0000000088400000|  0%| F|  |TAMS 0x0000000088300000, 0x0000000088300000| Untracked 
| 132|0x0000000088400000, 0x0000000088400000, 0x0000000088500000|  0%| F|  |TAMS 0x0000000088400000, 0x0000000088400000| Untracked 
| 133|0x0000000088500000, 0x0000000088500000, 0x0000000088600000|  0%| F|  |TAMS 0x0000000088500000, 0x0000000088500000| Untracked 
| 134|0x0000000088600000, 0x0000000088600000, 0x0000000088700000|  0%| F|  |TAMS 0x0000000088600000, 0x0000000088600000| Untracked 
| 135|0x0000000088700000, 0x0000000088700000, 0x0000000088800000|  0%| F|  |TAMS 0x0000000088700000, 0x0000000088700000| Untracked 
| 136|0x0000000088800000, 0x0000000088800000, 0x0000000088900000|  0%| F|  |TAMS 0x0000000088800000, 0x0000000088800000| Untracked 
| 137|0x0000000088900000, 0x0000000088900000, 0x0000000088a00000|  0%| F|  |TAMS 0x0000000088900000, 0x0000000088900000| Untracked 
| 138|0x0000000088a00000, 0x0000000088a00000, 0x0000000088b00000|  0%| F|  |TAMS 0x0000000088a00000, 0x0000000088a00000| Untracked 
| 139|0x0000000088b00000, 0x0000000088b00000, 0x0000000088c00000|  0%| F|  |TAMS 0x0000000088b00000, 0x0000000088b00000| Untracked 
| 140|0x0000000088c00000, 0x0000000088c00000, 0x0000000088d00000|  0%| F|  |TAMS 0x0000000088c00000, 0x0000000088c00000| Untracked 
| 141|0x0000000088d00000, 0x0000000088d00000, 0x0000000088e00000|  0%| F|  |TAMS 0x0000000088d00000, 0x0000000088d00000| Untracked 
| 142|0x0000000088e00000, 0x0000000088e00000, 0x0000000088f00000|  0%| F|  |TAMS 0x0000000088e00000, 0x0000000088e00000| Untracked 
| 143|0x0000000088f00000, 0x0000000088f00000, 0x0000000089000000|  0%| F|  |TAMS 0x0000000088f00000, 0x0000000088f00000| Untracked 
| 144|0x0000000089000000, 0x0000000089000000, 0x0000000089100000|  0%| F|  |TAMS 0x0000000089000000, 0x0000000089000000| Untracked 
| 145|0x0000000089100000, 0x0000000089100000, 0x0000000089200000|  0%| F|  |TAMS 0x0000000089100000, 0x0000000089100000| Untracked 
| 146|0x0000000089200000, 0x0000000089200000, 0x0000000089300000|  0%| F|  |TAMS 0x0000000089200000, 0x0000000089200000| Untracked 
| 147|0x0000000089300000, 0x0000000089300000, 0x0000000089400000|  0%| F|  |TAMS 0x0000000089300000, 0x0000000089300000| Untracked 
| 148|0x0000000089400000, 0x0000000089400000, 0x0000000089500000|  0%| F|  |TAMS 0x0000000089400000, 0x0000000089400000| Untracked 
| 149|0x0000000089500000, 0x0000000089500000, 0x0000000089600000|  0%| F|  |TAMS 0x0000000089500000, 0x0000000089500000| Untracked 
| 150|0x0000000089600000, 0x0000000089608c98, 0x0000000089700000|  3%| S|CS|TAMS 0x0000000089600000, 0x0000000089600000| Complete 
| 151|0x0000000089700000, 0x0000000089800000, 0x0000000089800000|100%| S|CS|TAMS 0x0000000089700000, 0x0000000089700000| Complete 
| 152|0x0000000089800000, 0x0000000089900000, 0x0000000089900000|100%| S|CS|TAMS 0x0000000089800000, 0x0000000089800000| Complete 
| 153|0x0000000089900000, 0x0000000089900000, 0x0000000089a00000|  0%| F|  |TAMS 0x0000000089900000, 0x0000000089900000| Untracked 
| 154|0x0000000089a00000, 0x0000000089a00000, 0x0000000089b00000|  0%| F|  |TAMS 0x0000000089a00000, 0x0000000089a00000| Untracked 
| 155|0x0000000089b00000, 0x0000000089b00000, 0x0000000089c00000|  0%| F|  |TAMS 0x0000000089b00000, 0x0000000089b00000| Untracked 
| 156|0x0000000089c00000, 0x0000000089c00000, 0x0000000089d00000|  0%| F|  |TAMS 0x0000000089c00000, 0x0000000089c00000| Untracked 
| 157|0x0000000089d00000, 0x0000000089d00000, 0x0000000089e00000|  0%| F|  |TAMS 0x0000000089d00000, 0x0000000089d00000| Untracked 
| 158|0x0000000089e00000, 0x0000000089e00000, 0x0000000089f00000|  0%| F|  |TAMS 0x0000000089e00000, 0x0000000089e00000| Untracked 
| 159|0x0000000089f00000, 0x0000000089f00000, 0x000000008a000000|  0%| F|  |TAMS 0x0000000089f00000, 0x0000000089f00000| Untracked 
| 160|0x000000008a000000, 0x000000008a000000, 0x000000008a100000|  0%| F|  |TAMS 0x000000008a000000, 0x000000008a000000| Untracked 
| 161|0x000000008a100000, 0x000000008a100000, 0x000000008a200000|  0%| F|  |TAMS 0x000000008a100000, 0x000000008a100000| Untracked 
| 162|0x000000008a200000, 0x000000008a200000, 0x000000008a300000|  0%| F|  |TAMS 0x000000008a200000, 0x000000008a200000| Untracked 
| 163|0x000000008a300000, 0x000000008a300000, 0x000000008a400000|  0%| F|  |TAMS 0x000000008a300000, 0x000000008a300000| Untracked 
| 164|0x000000008a400000, 0x000000008a400000, 0x000000008a500000|  0%| F|  |TAMS 0x000000008a400000, 0x000000008a400000| Untracked 
| 165|0x000000008a500000, 0x000000008a500000, 0x000000008a600000|  0%| F|  |TAMS 0x000000008a500000, 0x000000008a500000| Untracked 
| 166|0x000000008a600000, 0x000000008a600000, 0x000000008a700000|  0%| F|  |TAMS 0x000000008a600000, 0x000000008a600000| Untracked 
| 167|0x000000008a700000, 0x000000008a700000, 0x000000008a800000|  0%| F|  |TAMS 0x000000008a700000, 0x000000008a700000| Untracked 
| 168|0x000000008a800000, 0x000000008a800000, 0x000000008a900000|  0%| F|  |TAMS 0x000000008a800000, 0x000000008a800000| Untracked 
| 169|0x000000008a900000, 0x000000008a900000, 0x000000008aa00000|  0%| F|  |TAMS 0x000000008a900000, 0x000000008a900000| Untracked 
| 170|0x000000008aa00000, 0x000000008aa00000, 0x000000008ab00000|  0%| F|  |TAMS 0x000000008aa00000, 0x000000008aa00000| Untracked 
| 171|0x000000008ab00000, 0x000000008ab00000, 0x000000008ac00000|  0%| F|  |TAMS 0x000000008ab00000, 0x000000008ab00000| Untracked 
| 172|0x000000008ac00000, 0x000000008ac00000, 0x000000008ad00000|  0%| F|  |TAMS 0x000000008ac00000, 0x000000008ac00000| Untracked 
| 173|0x000000008ad00000, 0x000000008ad00000, 0x000000008ae00000|  0%| F|  |TAMS 0x000000008ad00000, 0x000000008ad00000| Untracked 
| 174|0x000000008ae00000, 0x000000008ae00000, 0x000000008af00000|  0%| F|  |TAMS 0x000000008ae00000, 0x000000008ae00000| Untracked 
| 175|0x000000008af00000, 0x000000008af00000, 0x000000008b000000|  0%| F|  |TAMS 0x000000008af00000, 0x000000008af00000| Untracked 
| 176|0x000000008b000000, 0x000000008b000000, 0x000000008b100000|  0%| F|  |TAMS 0x000000008b000000, 0x000000008b000000| Untracked 
| 177|0x000000008b100000, 0x000000008b100000, 0x000000008b200000|  0%| F|  |TAMS 0x000000008b100000, 0x000000008b100000| Untracked 
| 178|0x000000008b200000, 0x000000008b200000, 0x000000008b300000|  0%| F|  |TAMS 0x000000008b200000, 0x000000008b200000| Untracked 
| 179|0x000000008b300000, 0x000000008b300000, 0x000000008b400000|  0%| F|  |TAMS 0x000000008b300000, 0x000000008b300000| Untracked 
| 180|0x000000008b400000, 0x000000008b400000, 0x000000008b500000|  0%| F|  |TAMS 0x000000008b400000, 0x000000008b400000| Untracked 
| 181|0x000000008b500000, 0x000000008b500000, 0x000000008b600000|  0%| F|  |TAMS 0x000000008b500000, 0x000000008b500000| Untracked 
| 182|0x000000008b600000, 0x000000008b600000, 0x000000008b700000|  0%| F|  |TAMS 0x000000008b600000, 0x000000008b600000| Untracked 
| 183|0x000000008b700000, 0x000000008b700000, 0x000000008b800000|  0%| F|  |TAMS 0x000000008b700000, 0x000000008b700000| Untracked 
| 184|0x000000008b800000, 0x000000008b800000, 0x000000008b900000|  0%| F|  |TAMS 0x000000008b800000, 0x000000008b800000| Untracked 
| 185|0x000000008b900000, 0x000000008b900000, 0x000000008ba00000|  0%| F|  |TAMS 0x000000008b900000, 0x000000008b900000| Untracked 
| 186|0x000000008ba00000, 0x000000008ba00000, 0x000000008bb00000|  0%| F|  |TAMS 0x000000008ba00000, 0x000000008ba00000| Untracked 
| 187|0x000000008bb00000, 0x000000008bb70ba8, 0x000000008bc00000| 44%| E|  |TAMS 0x000000008bb00000, 0x000000008bb00000| Complete 
| 188|0x000000008bc00000, 0x000000008bd00000, 0x000000008bd00000|100%| E|CS|TAMS 0x000000008bc00000, 0x000000008bc00000| Complete 
| 189|0x000000008bd00000, 0x000000008be00000, 0x000000008be00000|100%| E|CS|TAMS 0x000000008bd00000, 0x000000008bd00000| Complete 

Card table byte_map: [0x00000138ad110000,0x00000138ad510000] _byte_map_base: 0x00000138acd10000

Marking Bits (Prev, Next): (CMBitMap*) 0x0000013899ef67d0, (CMBitMap*) 0x0000013899ef6798
 Prev Bits: [0x00000138af910000, 0x00000138b1910000)
 Next Bits: [0x00000138ad910000, 0x00000138af910000)

Polling page: 0x0000013897e50000

Metaspace:

Usage:
  Non-class:    101.85 MB capacity,    99.77 MB ( 98%) used,     1.73 MB (  2%) free+waste,   362.31 KB ( <1%) overhead. 
      Class:     15.61 MB capacity,    14.38 MB ( 92%) used,     1.07 MB (  7%) free+waste,   161.88 KB (  1%) overhead. 
       Both:    117.46 MB capacity,   114.15 MB ( 97%) used,     2.80 MB (  2%) free+waste,   524.19 KB ( <1%) overhead. 

Virtual space:
  Non-class space:      102.00 MB reserved,     101.92 MB (>99%) committed 
      Class space:        1.00 GB reserved,      15.62 MB (  2%) committed 
             Both:        1.10 GB reserved,     117.55 MB ( 10%) committed 

Chunk freelists:
   Non-Class:  8.00 KB
       Class:  0 bytes
        Both:  8.00 KB

MaxMetaspaceSize: 17179869184.00 GB
CompressedClassSpaceSize: 1.00 GB
Initial GC threshold: 20.80 MB
Current GC threshold: 182.37 MB
CDS: off

CodeHeap 'non-profiled nmethods': size=120000Kb used=7264Kb max_used=7264Kb free=112735Kb
 bounds [0x00000138a54b0000, 0x00000138a5bd0000, 0x00000138ac9e0000]
CodeHeap 'profiled nmethods': size=120000Kb used=30413Kb max_used=30413Kb free=89586Kb
 bounds [0x000001389df80000, 0x000001389fd40000, 0x00000138a54b0000]
CodeHeap 'non-nmethods': size=5760Kb used=2453Kb max_used=2481Kb free=3306Kb
 bounds [0x000001389d9e0000, 0x000001389dc60000, 0x000001389df80000]
 total_blobs=15738 nmethods=14741 adapters=909
 compilation: enabled
              stopped_count=0, restarted_count=0
 full_count=0

Compilation events (20 events):
Event: 44.158 Thread 0x00000138b4bf5800 15091       2       org.gradle.api.internal.artifacts.ivyservice.resolveengine.ComponentResolversChain$ComponentMetaDataResolverChain::isFetchingMetadataCheap (46 bytes)
Event: 44.159 Thread 0x00000138b4bf5800 nmethod 15091 0x000001389fd21b10 code [0x000001389fd21d00, 0x000001389fd21f78]
Event: 44.159 Thread 0x00000138b4bf5800 15092       2       org.gradle.api.internal.artifacts.ivyservice.ivyresolve.RepositoryChainComponentMetaDataResolver::isFetchingMetadataCheap (82 bytes)
Event: 44.159 Thread 0x00000138b4bf5800 nmethod 15092 0x000001389fd22110 code [0x000001389fd22320, 0x000001389fd226c8]
Event: 44.171 Thread 0x00000138b4bf5800 15093  s!   2       java.io.FileDescriptor::closeAll (163 bytes)
Event: 44.172 Thread 0x00000138b4bf5800 nmethod 15093 0x000001389fd22890 code [0x000001389fd22ae0, 0x000001389fd23268]
Event: 44.174 Thread 0x00000138b4bf5800 15094       2       org.gradle.internal.component.model.ImmutableModuleSources::of (43 bytes)
Event: 44.174 Thread 0x00000138b4bf5800 nmethod 15094 0x000001389fd23710 code [0x000001389fd238e0, 0x000001389fd23ae8]
Event: 44.175 Thread 0x00000138b4bf5800 15095       2       java.util.Collections::singletonMap (10 bytes)
Event: 44.176 Thread 0x00000138b4bf5800 nmethod 15095 0x000001389fd23c10 code [0x000001389fd23dc0, 0x000001389fd23fb8]
Event: 44.176 Thread 0x00000138b4bf5800 15096       2       java.util.Collections$SingletonMap::<init> (15 bytes)
Event: 44.176 Thread 0x00000138b4bf5800 nmethod 15096 0x000001389fd24090 code [0x000001389fd24240, 0x000001389fd243d8]
Event: 44.178 Thread 0x00000138b4bf5800 15097       2       java.io.File::<init> (113 bytes)
Event: 44.179 Thread 0x00000138b4bf5800 nmethod 15097 0x000001389fd24490 code [0x000001389fd24700, 0x000001389fd24ca8]
Event: 44.179 Thread 0x00000138b4bf5800 15098       2       org.gradle.api.internal.artifacts.ivyservice.moduleconverter.dependencies.DefaultExcludeRuleConverter::<init> (10 bytes)
Event: 44.179 Thread 0x00000138b4bf5800 nmethod 15098 0x000001389fd24f90 code [0x000001389fd25140, 0x000001389fd25278]
Event: 44.185 Thread 0x00000138b4bf5800 15100       2       org.gradle.internal.component.external.model.NoOpDerivationStrategy::getInstance (4 bytes)
Event: 44.185 Thread 0x00000138b4bf5800 nmethod 15100 0x000001389fd25310 code [0x000001389fd254c0, 0x000001389fd25598]
Event: 44.191 Thread 0x00000138b4bf5800 15101       2       org.gradle.internal.io.StreamByteBuffer::prepareRead (102 bytes)
Event: 44.192 Thread 0x00000138b4bf5800 nmethod 15101 0x000001389fd25610 code [0x000001389fd257e0, 0x000001389fd25b58]

GC Heap History (20 events):
Event: 19.871 GC heap before
{Heap before GC invocations=31 (full 0):
 garbage-first heap   total 161792K, used 132990K [0x0000000080000000, 0x0000000100000000)
  region size 1024K, 21 young (21504K), 2 survivors (2048K)
 Metaspace       used 102987K, capacity 106119K, committed 106288K, reserved 1140736K
  class space    used 13197K, capacity 14345K, committed 14464K, reserved 1048576K
}
Event: 19.875 GC heap after
{Heap after GC invocations=32 (full 0):
 garbage-first heap   total 161792K, used 115435K [0x0000000080000000, 0x0000000100000000)
  region size 1024K, 3 young (3072K), 3 survivors (3072K)
 Metaspace       used 102987K, capacity 106119K, committed 106288K, reserved 1140736K
  class space    used 13197K, capacity 14345K, committed 14464K, reserved 1048576K
}
Event: 20.575 GC heap before
{Heap before GC invocations=33 (full 0):
 garbage-first heap   total 161792K, used 133867K [0x0000000080000000, 0x0000000100000000)
  region size 1024K, 22 young (22528K), 3 survivors (3072K)
 Metaspace       used 103503K, capacity 106600K, committed 106800K, reserved 1142784K
  class space    used 13216K, capacity 14391K, committed 14464K, reserved 1048576K
}
Event: 20.580 GC heap after
{Heap after GC invocations=34 (full 0):
 garbage-first heap   total 161792K, used 116624K [0x0000000080000000, 0x0000000100000000)
  region size 1024K, 3 young (3072K), 3 survivors (3072K)
 Metaspace       used 103503K, capacity 106600K, committed 106800K, reserved 1142784K
  class space    used 13216K, capacity 14391K, committed 14464K, reserved 1048576K
}
Event: 20.635 GC heap before
{Heap before GC invocations=34 (full 0):
 garbage-first heap   total 161792K, used 119696K [0x0000000080000000, 0x0000000100000000)
  region size 1024K, 7 young (7168K), 3 survivors (3072K)
 Metaspace       used 103607K, capacity 106664K, committed 106800K, reserved 1142784K
  class space    used 13228K, capacity 14391K, committed 14464K, reserved 1048576K
}
Event: 20.640 GC heap after
{Heap after GC invocations=35 (full 0):
 garbage-first heap   total 161792K, used 115367K [0x0000000080000000, 0x0000000100000000)
  region size 1024K, 1 young (1024K), 1 survivors (1024K)
 Metaspace       used 103607K, capacity 106664K, committed 106800K, reserved 1142784K
  class space    used 13228K, capacity 14391K, committed 14464K, reserved 1048576K
}
Event: 20.917 GC heap before
{Heap before GC invocations=35 (full 0):
 garbage-first heap   total 161792K, used 134823K [0x0000000080000000, 0x0000000100000000)
  region size 1024K, 21 young (21504K), 1 survivors (1024K)
 Metaspace       used 104211K, capacity 107371K, committed 107696K, reserved 1142784K
  class space    used 13306K, capacity 14489K, committed 14592K, reserved 1048576K
}
Event: 20.923 GC heap after
{Heap after GC invocations=36 (full 0):
 garbage-first heap   total 194560K, used 115948K [0x0000000080000000, 0x0000000100000000)
  region size 1024K, 2 young (2048K), 2 survivors (2048K)
 Metaspace       used 104211K, capacity 107371K, committed 107696K, reserved 1142784K
  class space    used 13306K, capacity 14489K, committed 14592K, reserved 1048576K
}
Event: 21.866 GC heap before
{Heap before GC invocations=37 (full 0):
 garbage-first heap   total 194560K, used 150764K [0x0000000080000000, 0x0000000100000000)
  region size 1024K, 37 young (37888K), 2 survivors (2048K)
 Metaspace       used 106643K, capacity 109779K, committed 110000K, reserved 1144832K
  class space    used 13619K, capacity 14779K, committed 14848K, reserved 1048576K
}
Event: 21.869 GC heap after
{Heap after GC invocations=38 (full 0):
 garbage-first heap   total 194560K, used 116734K [0x0000000080000000, 0x0000000100000000)
  region size 1024K, 2 young (2048K), 2 survivors (2048K)
 Metaspace       used 106643K, capacity 109779K, committed 110000K, reserved 1144832K
  class space    used 13619K, capacity 14779K, committed 14848K, reserved 1048576K
}
Event: 22.057 GC heap before
{Heap before GC invocations=38 (full 0):
 garbage-first heap   total 194560K, used 123902K [0x0000000080000000, 0x0000000100000000)
  region size 1024K, 9 young (9216K), 2 survivors (2048K)
 Metaspace       used 107127K, capacity 110291K, committed 110640K, reserved 1144832K
  class space    used 13671K, capacity 14843K, committed 14976K, reserved 1048576K
}
Event: 22.061 GC heap after
{Heap after GC invocations=39 (full 0):
 garbage-first heap   total 194560K, used 116360K [0x0000000080000000, 0x0000000100000000)
  region size 1024K, 2 young (2048K), 2 survivors (2048K)
 Metaspace       used 107127K, capacity 110291K, committed 110640K, reserved 1144832K
  class space    used 13671K, capacity 14843K, committed 14976K, reserved 1048576K
}
Event: 25.938 GC heap before
{Heap before GC invocations=39 (full 0):
 garbage-first heap   total 194560K, used 153224K [0x0000000080000000, 0x0000000100000000)
  region size 1024K, 39 young (39936K), 2 survivors (2048K)
 Metaspace       used 108485K, capacity 111691K, committed 111792K, reserved 1146880K
  class space    used 13815K, capacity 15007K, committed 15104K, reserved 1048576K
}
Event: 25.943 GC heap after
{Heap after GC invocations=40 (full 0):
 garbage-first heap   total 194560K, used 119370K [0x0000000080000000, 0x0000000100000000)
  region size 1024K, 5 young (5120K), 5 survivors (5120K)
 Metaspace       used 108485K, capacity 111691K, committed 111792K, reserved 1146880K
  class space    used 13815K, capacity 15007K, committed 15104K, reserved 1048576K
}
Event: 26.759 GC heap before
{Heap before GC invocations=41 (full 0):
 garbage-first heap   total 194560K, used 157258K [0x0000000080000000, 0x0000000100000000)
  region size 1024K, 42 young (43008K), 5 survivors (5120K)
 Metaspace       used 111252K, capacity 114495K, committed 114608K, reserved 1148928K
  class space    used 14133K, capacity 15350K, committed 15360K, reserved 1048576K
}
Event: 26.765 GC heap after
{Heap after GC invocations=42 (full 0):
 garbage-first heap   total 194560K, used 122383K [0x0000000080000000, 0x0000000100000000)
  region size 1024K, 6 young (6144K), 6 survivors (6144K)
 Metaspace       used 111252K, capacity 114495K, committed 114608K, reserved 1148928K
  class space    used 14133K, capacity 15350K, committed 15360K, reserved 1048576K
}
Event: 26.835 GC heap before
{Heap before GC invocations=42 (full 0):
 garbage-first heap   total 194560K, used 124431K [0x0000000080000000, 0x0000000100000000)
  region size 1024K, 9 young (9216K), 6 survivors (6144K)
 Metaspace       used 111529K, capacity 114773K, committed 114992K, reserved 1148928K
  class space    used 14166K, capacity 15391K, committed 15488K, reserved 1048576K
}
Event: 26.840 GC heap after
{Heap after GC invocations=43 (full 0):
 garbage-first heap   total 194560K, used 122159K [0x0000000080000000, 0x0000000100000000)
  region size 1024K, 1 young (1024K), 1 survivors (1024K)
 Metaspace       used 111529K, capacity 114773K, committed 114992K, reserved 1148928K
  class space    used 14166K, capacity 15391K, committed 15488K, reserved 1048576K
}
Event: 44.117 GC heap before
{Heap before GC invocations=43 (full 0):
 garbage-first heap   total 194560K, used 157999K [0x0000000080000000, 0x0000000100000000)
  region size 1024K, 37 young (37888K), 1 survivors (1024K)
 Metaspace       used 116861K, capacity 120271K, committed 120368K, reserved 1153024K
  class space    used 14722K, capacity 15982K, committed 16000K, reserved 1048576K
}
Event: 44.124 GC heap after
{Heap after GC invocations=44 (full 0):
 garbage-first heap   total 194560K, used 123218K [0x0000000080000000, 0x0000000100000000)
  region size 1024K, 3 young (3072K), 3 survivors (3072K)
 Metaspace       used 116861K, capacity 120271K, committed 120368K, reserved 1153024K
  class space    used 14722K, capacity 15982K, committed 16000K, reserved 1048576K
}

Deoptimization events (20 events):
Event: 43.905 Thread 0x00000138b6373800 Uncommon trap: trap_request=0xffffffc6 fr.pc=0x00000138a58c83a0 relative=0x00000000000007c0
Event: 43.905 Thread 0x00000138b6373800 Uncommon trap: reason=bimorphic_or_optimized_type_check action=maybe_recompile pc=0x00000138a58c83a0 method=org.gradle.internal.operations.DefaultBuildOperationListenerManager$ProgressShieldingBuildOperationListener.finished(Lorg/gradle/internal/operation
Event: 43.905 Thread 0x00000138b6373800 DEOPT PACKING pc=0x00000138a58c83a0 sp=0x00000032bdefac90
Event: 43.905 Thread 0x00000138b6373800 DEOPT UNPACKING pc=0x000001389da2a1af sp=0x00000032bdefac58 mode 2
Event: 43.905 Thread 0x00000138b6373800 Uncommon trap: trap_request=0xffffffc6 fr.pc=0x00000138a58c83a0 relative=0x00000000000007c0
Event: 43.905 Thread 0x00000138b6373800 Uncommon trap: reason=bimorphic_or_optimized_type_check action=maybe_recompile pc=0x00000138a58c83a0 method=org.gradle.internal.operations.DefaultBuildOperationListenerManager$ProgressShieldingBuildOperationListener.finished(Lorg/gradle/internal/operation
Event: 43.905 Thread 0x00000138b6373800 DEOPT PACKING pc=0x00000138a58c83a0 sp=0x00000032bdefb2a0
Event: 43.905 Thread 0x00000138b6373800 DEOPT UNPACKING pc=0x000001389da2a1af sp=0x00000032bdefb268 mode 2
Event: 43.914 Thread 0x00000138b6373800 Uncommon trap: trap_request=0xffffffc6 fr.pc=0x00000138a58c83a0 relative=0x00000000000007c0
Event: 43.914 Thread 0x00000138b6373800 Uncommon trap: reason=bimorphic_or_optimized_type_check action=maybe_recompile pc=0x00000138a58c83a0 method=org.gradle.internal.operations.DefaultBuildOperationListenerManager$ProgressShieldingBuildOperationListener.finished(Lorg/gradle/internal/operation
Event: 43.914 Thread 0x00000138b6373800 DEOPT PACKING pc=0x00000138a58c83a0 sp=0x00000032bdefa770
Event: 43.914 Thread 0x00000138b6373800 DEOPT UNPACKING pc=0x000001389da2a1af sp=0x00000032bdefa738 mode 2
Event: 43.917 Thread 0x00000138b6373800 Uncommon trap: trap_request=0xffffff4d fr.pc=0x00000138a5a69e48 relative=0x00000000000000a8
Event: 43.917 Thread 0x00000138b6373800 Uncommon trap: reason=unstable_if action=reinterpret pc=0x00000138a5a69e48 method=jdk.internal.misc.Unsafe.convEndian(ZJ)J @ 4 c2
Event: 43.917 Thread 0x00000138b6373800 DEOPT PACKING pc=0x00000138a5a69e48 sp=0x00000032bdef9be0
Event: 43.917 Thread 0x00000138b6373800 DEOPT UNPACKING pc=0x000001389da2a1af sp=0x00000032bdef9a78 mode 2
Event: 44.130 Thread 0x00000138b4d53000 Uncommon trap: trap_request=0xffffffde fr.pc=0x00000138a57848ec relative=0x000000000000052c
Event: 44.130 Thread 0x00000138b4d53000 Uncommon trap: reason=class_check action=maybe_recompile pc=0x00000138a57848ec method=jdk.internal.ref.PhantomCleanable.clean()V @ 12 c2
Event: 44.130 Thread 0x00000138b4d53000 DEOPT PACKING pc=0x00000138a57848ec sp=0x00000032bd4fef20
Event: 44.130 Thread 0x00000138b4d53000 DEOPT UNPACKING pc=0x000001389da2a1af sp=0x00000032bd4fef00 mode 2

Classes redefined (0 events):
No events

Internal exceptions (20 events):
Event: 26.907 Thread 0x00000138bcaae000 Exception <a 'java/net/ConnectException'{0x000000008bc77ac0}: Connection refused: connect> (0x000000008bc77ac0) thrown at [src/hotspot/share/prims/jni.cpp, line 638]
Event: 26.934 Thread 0x00000138bcaae000 Exception <a 'java/net/ConnectException'{0x000000008bc78900}: Connection refused: connect> (0x000000008bc78900) thrown at [src/hotspot/share/prims/jni.cpp, line 638]
Event: 26.949 Thread 0x00000138bcaae000 Exception <a 'java/net/ConnectException'{0x000000008bc79630}: Connection refused: connect> (0x000000008bc79630) thrown at [src/hotspot/share/prims/jni.cpp, line 638]
Event: 27.352 Thread 0x00000138b71db000 Exception <a 'java/lang/NoSuchMethodError'{0x000000008b4965d8}: <clinit>> (0x000000008b4965d8) thrown at [src/hotspot/share/prims/jni.cpp, line 1367]
Event: 27.354 Thread 0x00000138b71db000 Exception <a 'java/lang/NoSuchMethodError'{0x000000008b4b6788}: <clinit>> (0x000000008b4b6788) thrown at [src/hotspot/share/prims/jni.cpp, line 1367]
Event: 27.393 Thread 0x00000138c02f2000 Exception <a 'sun/nio/fs/WindowsException'{0x000000008b200fa8}> (0x000000008b200fa8) thrown at [src/hotspot/share/prims/jni.cpp, line 617]
Event: 27.417 Thread 0x00000138b6373800 Exception <a 'sun/nio/fs/WindowsException'{0x000000008b3ffbd0}> (0x000000008b3ffbd0) thrown at [src/hotspot/share/prims/jni.cpp, line 617]
Event: 27.417 Thread 0x00000138b6373800 Exception <a 'sun/nio/fs/WindowsException'{0x000000008b3ffc58}> (0x000000008b3ffc58) thrown at [src/hotspot/share/prims/jni.cpp, line 617]
Event: 27.418 Thread 0x00000138b6373800 Exception <a 'sun/nio/fs/WindowsException'{0x000000008b28d318}> (0x000000008b28d318) thrown at [src/hotspot/share/prims/jni.cpp, line 617]
Event: 27.708 Thread 0x00000138b6373800 Implicit null exception at 0x00000138a5a2f9af to 0x00000138a5a2f9fc
Event: 27.846 Thread 0x00000138b6373800 Implicit null exception at 0x00000138a5bb7197 to 0x00000138a5bb753c
Event: 27.884 Thread 0x00000138b6780000 Exception <a 'java/lang/NoSuchMethodError'{0x0000000089d39b20}: <clinit>> (0x0000000089d39b20) thrown at [src/hotspot/share/prims/jni.cpp, line 1367]
Event: 27.886 Thread 0x00000138b6780000 Exception <a 'java/lang/NoSuchMethodError'{0x0000000089d4aa70}: <clinit>> (0x0000000089d4aa70) thrown at [src/hotspot/share/prims/jni.cpp, line 1367]
Event: 27.886 Thread 0x00000138b6780000 Exception <a 'java/lang/NoSuchMethodError'{0x0000000089d610d8}: <clinit>> (0x0000000089d610d8) thrown at [src/hotspot/share/prims/jni.cpp, line 1367]
Event: 27.889 Thread 0x00000138b6780000 Exception <a 'java/lang/NoSuchMethodError'{0x0000000089d73260}: <clinit>> (0x0000000089d73260) thrown at [src/hotspot/share/prims/jni.cpp, line 1367]
Event: 27.891 Thread 0x00000138b6780000 Exception <a 'java/lang/NoSuchMethodError'{0x0000000089d92890}: <clinit>> (0x0000000089d92890) thrown at [src/hotspot/share/prims/jni.cpp, line 1367]
Event: 27.900 Thread 0x00000138b6780000 Exception <a 'java/lang/NoSuchMethodError'{0x0000000089dce240}: <clinit>> (0x0000000089dce240) thrown at [src/hotspot/share/prims/jni.cpp, line 1367]
Event: 27.903 Thread 0x00000138b6780000 Exception <a 'java/lang/NoSuchMethodError'{0x0000000089de62f8}: <clinit>> (0x0000000089de62f8) thrown at [src/hotspot/share/prims/jni.cpp, line 1367]
Event: 27.906 Thread 0x00000138b6780000 Exception <a 'java/lang/NoSuchMethodError'{0x0000000089df4b60}: <clinit>> (0x0000000089df4b60) thrown at [src/hotspot/share/prims/jni.cpp, line 1367]
Event: 43.834 Thread 0x00000138b6373800 Implicit null exception at 0x00000138a5976045 to 0x00000138a597630c

Events (20 events):
Event: 27.944 Executing VM operation: RevokeBias
Event: 27.944 Executing VM operation: RevokeBias done
Event: 27.945 Executing VM operation: RevokeBias
Event: 27.945 Executing VM operation: RevokeBias done
Event: 27.945 Thread 0x00000138b6834000 Thread exited: 0x00000138b6834000
Event: 43.814 Thread 0x00000138b95db000 Thread added: 0x00000138b95db000
Event: 43.820 Thread 0x00000138b95dd800 Thread added: 0x00000138b95dd800
Event: 43.829 Thread 0x00000138b95dc000 Thread added: 0x00000138b95dc000
Event: 43.830 Thread 0x00000138b95de800 Thread added: 0x00000138b95de800
Event: 43.831 Thread 0x00000138b95dc800 Thread added: 0x00000138b95dc800
Event: 43.840 loading class org/gradle/internal/watch/vfs/impl/WatchingVirtualFileSystem
Event: 43.840 loading class org/gradle/internal/watch/vfs/impl/WatchingVirtualFileSystem done
Event: 43.880 Thread 0x00000138b95df000 Thread added: 0x00000138b95df000
Event: 43.885 Thread 0x00000138b95e0000 Thread added: 0x00000138b95e0000
Event: 43.891 Thread 0x00000138b95da000 Thread added: 0x00000138b95da000
Event: 43.898 Thread 0x00000138b95e1000 Thread added: 0x00000138b95e1000
Event: 43.942 Thread 0x00000138b95e3000 Thread added: 0x00000138b95e3000
Event: 44.074 Thread 0x00000138b95e5000 Thread added: 0x00000138b95e5000
Event: 44.117 Executing VM operation: G1CollectForAllocation
Event: 44.124 Executing VM operation: G1CollectForAllocation done


Dynamic libraries:
0x00007ff61a2b0000 - 0x00007ff61a2ba000 	C:\Program Files\Android\Android Studio\jbr\bin\java.exe
0x00007ffd2d6b0000 - 0x00007ffd2d8a8000 	C:\Windows\SYSTEM32\ntdll.dll
0x00007ffd2c220000 - 0x00007ffd2c2df000 	C:\Windows\System32\KERNEL32.DLL
0x00007ffd2adc0000 - 0x00007ffd2b09a000 	C:\Windows\System32\KERNELBASE.dll
0x00007ffd2b0a0000 - 0x00007ffd2b1a0000 	C:\Windows\System32\ucrtbase.dll
0x00007ffd07fc0000 - 0x00007ffd07fd7000 	C:\Program Files\Android\Android Studio\jbr\bin\jli.dll
0x00007ffd2c750000 - 0x00007ffd2c8ed000 	C:\Windows\System32\USER32.dll
0x00007ffd2b2b0000 - 0x00007ffd2b2d2000 	C:\Windows\System32\win32u.dll
0x00007ffd07160000 - 0x00007ffd0717b000 	C:\Program Files\Android\Android Studio\jbr\bin\VCRUNTIME140.dll
0x00007ffd2d330000 - 0x00007ffd2d35b000 	C:\Windows\System32\GDI32.dll
0x00007ffd2b1a0000 - 0x00007ffd2b2b0000 	C:\Windows\System32\gdi32full.dll
0x00007ffd18050000 - 0x00007ffd182ea000 	C:\Windows\WinSxS\amd64_microsoft.windows.common-controls_6595b64144ccf1df_6.0.19041.1110_none_60b5254171f9507e\COMCTL32.dll
0x00007ffd2b400000 - 0x00007ffd2b49d000 	C:\Windows\System32\msvcp_win.dll
0x00007ffd2cac0000 - 0x00007ffd2cb5e000 	C:\Windows\System32\msvcrt.dll
0x00007ffd2b710000 - 0x00007ffd2b740000 	C:\Windows\System32\IMM32.DLL
0x00007ffd1c770000 - 0x00007ffd1c77c000 	C:\Program Files\Android\Android Studio\jbr\bin\vcruntime140_1.dll
0x00007ffce0ec0000 - 0x00007ffce0f4d000 	C:\Program Files\Android\Android Studio\jbr\bin\msvcp140.dll
0x00007ffcd0b00000 - 0x00007ffcd16bc000 	C:\Program Files\Android\Android Studio\jbr\bin\server\jvm.dll
0x00007ffd2cbc0000 - 0x00007ffd2cc6e000 	C:\Windows\System32\ADVAPI32.dll
0x00007ffd2cc90000 - 0x00007ffd2cd2c000 	C:\Windows\System32\sechost.dll
0x00007ffd2c8f0000 - 0x00007ffd2ca16000 	C:\Windows\System32\RPCRT4.dll
0x00007ffd2d580000 - 0x00007ffd2d588000 	C:\Windows\System32\PSAPI.DLL
0x00007ffd202c0000 - 0x00007ffd202e7000 	C:\Windows\SYSTEM32\WINMM.dll
0x00007ffd21620000 - 0x00007ffd2162a000 	C:\Windows\SYSTEM32\VERSION.dll
0x00007ffd24c90000 - 0x00007ffd24c99000 	C:\Windows\SYSTEM32\WSOCK32.dll
0x00007ffd2ce50000 - 0x00007ffd2cebb000 	C:\Windows\System32\WS2_32.dll
0x00007ffd295d0000 - 0x00007ffd295e2000 	C:\Windows\SYSTEM32\kernel.appcore.dll
0x00007ffd21680000 - 0x00007ffd21690000 	C:\Program Files\Android\Android Studio\jbr\bin\verify.dll
0x00007ffd28bf0000 - 0x00007ffd28dd4000 	C:\Windows\SYSTEM32\DBGHELP.DLL
0x00007ffd166a0000 - 0x00007ffd166d4000 	C:\Windows\SYSTEM32\dbgcore.DLL
0x00007ffd2b630000 - 0x00007ffd2b6b2000 	C:\Windows\System32\bcryptPrimitives.dll
0x00007ffd03b10000 - 0x00007ffd03b38000 	C:\Program Files\Android\Android Studio\jbr\bin\java.dll
0x00007ffd20650000 - 0x00007ffd2065a000 	C:\Program Files\Android\Android Studio\jbr\bin\jimage.dll
0x00007ffd00750000 - 0x00007ffd00768000 	C:\Program Files\Android\Android Studio\jbr\bin\zip.dll
0x00007ffd2ba70000 - 0x00007ffd2c1b4000 	C:\Windows\System32\SHELL32.dll
0x00007ffd28e20000 - 0x00007ffd295b3000 	C:\Windows\SYSTEM32\windows.storage.dll
0x00007ffd2cec0000 - 0x00007ffd2d214000 	C:\Windows\System32\combase.dll
0x00007ffd2a740000 - 0x00007ffd2a76e000 	C:\Windows\SYSTEM32\Wldp.dll
0x00007ffd2d280000 - 0x00007ffd2d32d000 	C:\Windows\System32\SHCORE.dll
0x00007ffd2d220000 - 0x00007ffd2d275000 	C:\Windows\System32\shlwapi.dll
0x00007ffd2ad00000 - 0x00007ffd2ad1f000 	C:\Windows\SYSTEM32\profapi.dll
0x00007ffcffa60000 - 0x00007ffcffa79000 	C:\Program Files\Android\Android Studio\jbr\bin\net.dll
0x00007ffd21bc0000 - 0x00007ffd21cca000 	C:\Windows\SYSTEM32\WINHTTP.dll
0x00007ffd2a4a0000 - 0x00007ffd2a50a000 	C:\Windows\system32\mswsock.dll
0x00007ffcfe7f0000 - 0x00007ffcfe803000 	C:\Program Files\Android\Android Studio\jbr\bin\nio.dll
0x00007ffd234a0000 - 0x00007ffd234c7000 	C:\Users\darko\.gradle\native\e1d6ef7f7dcc3fd88c89a11ec53ec762bb8ba0a96d01ffa2cd45eb1d1d8dd5c5\windows-amd64\native-platform.dll
0x00007ffcdb140000 - 0x00007ffcdb284000 	C:\Users\darko\.gradle\native\0d407fdbe67a94daf76414ababcb853783967236a71b16ec16e742cd7a986fd3\windows-amd64\native-platform-file-events.dll
0x00007ffd205e0000 - 0x00007ffd205ea000 	C:\Program Files\Android\Android Studio\jbr\bin\management.dll
0x00007ffd1cbb0000 - 0x00007ffd1cbbb000 	C:\Program Files\Android\Android Studio\jbr\bin\management_ext.dll
0x00007ffd2a690000 - 0x00007ffd2a6a8000 	C:\Windows\SYSTEM32\CRYPTSP.dll
0x00007ffd29d90000 - 0x00007ffd29dc4000 	C:\Windows\system32\rsaenh.dll
0x00007ffd2b4a0000 - 0x00007ffd2b4c7000 	C:\Windows\System32\bcrypt.dll
0x00007ffd2acc0000 - 0x00007ffd2acee000 	C:\Windows\SYSTEM32\USERENV.dll
0x00007ffd2a6b0000 - 0x00007ffd2a6bc000 	C:\Windows\SYSTEM32\CRYPTBASE.dll
0x00007ffd2a170000 - 0x00007ffd2a1ac000 	C:\Windows\SYSTEM32\IPHLPAPI.DLL
0x00007ffd2d360000 - 0x00007ffd2d368000 	C:\Windows\System32\NSI.dll
0x00007ffd22000000 - 0x00007ffd22017000 	C:\Windows\SYSTEM32\dhcpcsvc6.DLL
0x00007ffd21fe0000 - 0x00007ffd21ffd000 	C:\Windows\SYSTEM32\dhcpcsvc.DLL
0x00007ffd2a1b0000 - 0x00007ffd2a27b000 	C:\Windows\SYSTEM32\DNSAPI.dll
0x00007ffcf93e0000 - 0x00007ffcf9407000 	C:\Program Files\Android\Android Studio\jbr\bin\sunec.dll
0x00007ffd220d0000 - 0x00007ffd220da000 	C:\Windows\System32\rasadhlp.dll
0x00007ffd1f920000 - 0x00007ffd1f9a0000 	C:\Windows\System32\fwpuclnt.dll
0x00007ffce43c0000 - 0x00007ffce43d7000 	C:\Windows\system32\napinsp.dll
0x00007ffce43a0000 - 0x00007ffce43bb000 	C:\Windows\system32\pnrpnsp.dll
0x00007ffd25490000 - 0x00007ffd254a5000 	C:\Windows\system32\wshbth.dll
0x00007ffd26110000 - 0x00007ffd2612d000 	C:\Windows\system32\NLAapi.dll
0x00007ffce4350000 - 0x00007ffce4362000 	C:\Windows\System32\winrnr.dll
0x00007ffd29eb0000 - 0x00007ffd29ee3000 	C:\Windows\SYSTEM32\ntmarta.dll
0x00007ffd28350000 - 0x00007ffd283e0000 	C:\Windows\system32\apphelp.dll
0x00007ffd02e10000 - 0x00007ffd02e2e000 	C:\Users\darko\AppData\Local\Temp\native-platform12177503246384993661dir\native-platform.dll

dbghelp: loaded successfully - version: 4.0.5 - missing functions: none
symbol engine: initialized successfully - sym options: 0x614 - pdb path: .;C:\Program Files\Android\Android Studio\jbr\bin;C:\Windows\SYSTEM32;C:\Windows\WinSxS\amd64_microsoft.windows.common-controls_6595b64144ccf1df_6.0.19041.1110_none_60b5254171f9507e;C:\Program Files\Android\Android Studio\jbr\bin\server;C:\Users\darko\.gradle\native\e1d6ef7f7dcc3fd88c89a11ec53ec762bb8ba0a96d01ffa2cd45eb1d1d8dd5c5\windows-amd64;C:\Users\darko\.gradle\native\0d407fdbe67a94daf76414ababcb853783967236a71b16ec16e742cd7a986fd3\windows-amd64;C:\Users\darko\AppData\Local\Temp\native-platform12177503246384993661dir

VM Arguments:
jvm_args: --add-opens=java.base/java.util=ALL-UNNAMED --add-opens=java.base/java.lang=ALL-UNNAMED --add-opens=java.base/java.lang.invoke=ALL-UNNAMED --add-opens=java.base/java.util=ALL-UNNAMED --add-opens=java.prefs/java.util.prefs=ALL-UNNAMED --add-opens=java.prefs/java.util.prefs=ALL-UNNAMED --add-opens=java.base/java.nio.charset=ALL-UNNAMED --add-opens=java.base/java.net=ALL-UNNAMED --add-opens=java.base/java.util.concurrent.atomic=ALL-UNNAMED -Xmx2048m -Dfile.encoding=UTF-8 -Duser.country=RU -Duser.language=ru -Duser.variant 
java_command: org.gradle.launcher.daemon.bootstrap.GradleDaemon 7.5
java_class_path (initial): C:\Users\darko\.gradle\wrapper\dists\gradle-7.5-bin\f1w0cc9nuo0eivz97x2xlu9sv\gradle-7.5\lib\gradle-launcher-7.5.jar
Launcher Type: SUN_STANDARD

[Global flags]
     intx CICompilerCount                          = 4                                         {product} {ergonomic}
     uint ConcGCThreads                            = 2                                         {product} {ergonomic}
     uint G1ConcRefinementThreads                  = 8                                         {product} {ergonomic}
   size_t G1HeapRegionSize                         = 1048576                                   {product} {ergonomic}
    uintx GCDrainStackTargetSize                   = 64                                        {product} {ergonomic}
   size_t InitialHeapSize                          = 165675008                                 {product} {ergonomic}
   size_t MarkStackSize                            = 4194304                                   {product} {ergonomic}
   size_t MaxHeapSize                              = 2147483648                                {product} {command line}
   size_t MaxNewSize                               = 1287651328                                {product} {ergonomic}
   size_t MinHeapDeltaBytes                        = 1048576                                   {product} {ergonomic}
    uintx NonNMethodCodeHeapSize                   = 5836300                                {pd product} {ergonomic}
    uintx NonProfiledCodeHeapSize                  = 122910970                              {pd product} {ergonomic}
    uintx ProfiledCodeHeapSize                     = 122910970                              {pd product} {ergonomic}
    uintx ReservedCodeCacheSize                    = 251658240                              {pd product} {ergonomic}
     bool SegmentedCodeCache                       = true                                      {product} {ergonomic}
     bool UseCompressedClassPointers               = true                                 {lp64_product} {ergonomic}
     bool UseCompressedOops                        = true                                 {lp64_product} {ergonomic}
     bool UseG1GC                                  = true                                      {product} {ergonomic}
     bool UseLargePagesIndividualAllocation        = false                                  {pd product} {ergonomic}

Logging:
Log output configuration:
 #0: stdout all=warning uptime,level,tags
 #1: stderr all=off uptime,level,tags

Environment Variables:
JAVA_HOME=C:\Program Files\Android\jdk\jdk-8.0.302.8-hotspot\jdk8u302-b08
PATH=C:\Program Files\Microsoft\jdk-11.0.16.101-hotspot\bin;C:\Program Files (x86)\Common Files\Oracle\Java\javapath;C:\ProgramData\Oracle\Java\javapath;C:\Windows\system32;C:\Windows;C:\Windows\System32\Wbem;C:\Windows\System32\WindowsPowerShell\v1.0\;C:\Windows\System32\OpenSSH\;C:\Program Files\Microsoft SQL Server\150\Tools\Binn\;C:\Program Files\Microsoft SQL Server\Client SDK\ODBC\170\Tools\Binn\;C:\Program Files (x86)\IncrediBuild;C:\Program Files\Git\cmd;C:\Program Files\Docker\Docker\resources\bin;C:\Program Files (x86)\Microsoft SQL Server\160\DTS\Binn\;C:\Program Files\Azure Data Studio\bin;C:\Program Files\dotnet\;C:\Users\darko\scoop\shims;C:\Users\darko\AppData\Local\Microsoft\WindowsApps;C:\Program Files\Azure Data Studio\bin;C:\Users\darko\.dotnet\tools
USERNAME=darko
OS=Windows_NT
PROCESSOR_IDENTIFIER=AMD64 Family 23 Model 104 Stepping 1, AuthenticAMD



---------------  S Y S T E M  ---------------

OS: Windows 10 , 64 bit Build 19041 (10.0.19041.2788)
OS uptime: 1 days 22:06 hours
Hyper-V role detected

CPU:total 8 (initial active 8) (8 cores per cpu, 2 threads per core) family 23 model 104 stepping 1 microcode 0x0, cmov, cx8, fxsr, mmx, sse, sse2, sse3, ssse3, sse4.1, sse4.2, popcnt, avx, avx2, aes, clmul, mmxext, 3dnowpref, lzcnt, sse4a, ht, tsc, tscinvbit, tscinv, bmi1, bmi2, adx, sha, fma

Memory: 4k page, system-wide physical 10101M (113M free)
TotalPageFile size 19013M (AvailPageFile size 8M)
current process WorkingSet (physical memory assigned to process): 481M, peak: 494M
current process commit charge ("private bytes"): 514M, peak: 529M

vm_info: OpenJDK 64-Bit Server VM (11.0.15+0-b2043.56-9505619) for windows-amd64 JRE (11.0.15+0-b2043.56-9505619), built on Jan 19 2023 02:48:00 by "builduser" with unknown MS VC++:1929

END.
